[2025-11-10 06:55:33] Sistema de pruebas iniciado
[2025-11-10 06:55:33] Depósito realizado: 1000000.0 en cuenta 2150323914
[2025-11-10 06:55:33] Depósito realizado: 750000.0 en cuenta 6266003832
[2025-11-10 06:55:33] Depósito realizado: 500000.0 en cuenta 1158037374
[2025-11-10 06:55:33] Depósito realizado: 250000.0 en cuenta 6052878352
[2025-11-10 06:55:33] Retiro realizado: 200000.0 de cuenta 2150323914
[2025-11-10 06:55:33] Retiro realizado: 150000.0 de cuenta 6266003832
[2025-11-10 06:55:33] Transferencia realizada: 150000.0 de 2150323914 a 1158037374
[2025-11-10 06:59:43] Sistema de pruebas iniciado
[2025-11-10 06:59:43] Depósito realizado: 1000000.0 en cuenta 6276948901
[2025-11-10 06:59:43] Depósito realizado: 750000.0 en cuenta 7320214143
[2025-11-10 06:59:43] Depósito realizado: 500000.0 en cuenta 2092811942
[2025-11-10 06:59:43] Depósito realizado: 250000.0 en cuenta 7798652083
[2025-11-10 06:59:43] Retiro realizado: 200000.0 de cuenta 6276948901
[2025-11-10 06:59:43] Retiro realizado: 150000.0 de cuenta 7320214143
[2025-11-10 06:59:43] Transferencia realizada: 150000.0 de 6276948901 a 2092811942
[2025-11-10 13:59:44] Sistema de pruebas iniciado
[2025-11-10 13:59:45] Depósito realizado: 1000000.0 en cuenta 9240603215
[2025-11-10 13:59:45] Depósito realizado: 750000.0 en cuenta 4434028408
[2025-11-10 13:59:45] Depósito realizado: 500000.0 en cuenta 8096953013
[2025-11-10 13:59:45] Depósito realizado: 250000.0 en cuenta 8543715846
[2025-11-10 13:59:45] Retiro realizado: 200000.0 de cuenta 9240603215
[2025-11-10 13:59:45] Retiro realizado: 150000.0 de cuenta 4434028408
[2025-11-10 13:59:45] Transferencia realizada: 150000.0 de 9240603215 a 8096953013
[2025-11-10 14:13:15] Sistema de pruebas iniciado
[2025-11-10 14:13:15] Depósito realizado: 1000000.0 en cuenta 2405795009
[2025-11-10 14:13:15] Depósito realizado: 750000.0 en cuenta 8174589250
[2025-11-10 14:13:15] Depósito realizado: 500000.0 en cuenta 1167745446
[2025-11-10 14:13:15] Depósito realizado: 250000.0 en cuenta 6090998362
[2025-11-10 14:13:15] Retiro realizado: 200000.0 de cuenta 2405795009
[2025-11-10 14:13:15] Retiro realizado: 150000.0 de cuenta 8174589250
[2025-11-10 14:13:15] Transferencia realizada: 150000.0 de 2405795009 a 1167745446
[2025-11-10 14:13:39] Sistema iniciado
[2025-11-10 14:15:22] Sistema iniciado
[2025-11-10 14:16:37] Sistema iniciado
[2025-11-10 14:17:02] Sistema de pruebas iniciado
[2025-11-10 14:17:02] Depósito realizado: 1000000.0 en cuenta 8574706213
[2025-11-10 14:17:02] Depósito realizado: 750000.0 en cuenta 3136406288
[2025-11-10 14:17:02] Depósito realizado: 500000.0 en cuenta 8614998424
[2025-11-10 14:17:02] Depósito realizado: 250000.0 en cuenta 2629212015
[2025-11-10 14:17:02] Retiro realizado: 200000.0 de cuenta 8574706213
[2025-11-10 14:17:02] Retiro realizado: 150000.0 de cuenta 3136406288
[2025-11-10 14:17:02] Transferencia realizada: 150000.0 de 8574706213 a 8614998424
[2025-11-10 22:29:13] Sistema iniciado
[2025-11-10 22:29:31] Sistema de pruebas iniciado
[2025-11-10 22:29:31] Depósito realizado: 1000000.0 en cuenta 2132544047
[2025-11-10 22:29:31] Depósito realizado: 750000.0 en cuenta 7590820212
[2025-11-10 22:29:31] Depósito realizado: 500000.0 en cuenta 3194560608
[2025-11-10 22:29:31] Depósito realizado: 250000.0 en cuenta 6516840608
[2025-11-10 22:29:31] Retiro realizado: 200000.0 de cuenta 2132544047
[2025-11-10 22:29:31] Retiro realizado: 150000.0 de cuenta 7590820212
[2025-11-10 22:29:31] Transferencia realizada: 150000.0 de 2132544047 a 3194560608
[2025-11-17 15:14:42] Sistema iniciado
[2025-11-17 15:17:10] Sistema cerrado
